<?xml version="1.0" encoding="UTF-8"?>
<!-- Generated by org.testng.reporters.JUnitReportReporter -->
<testsuite hostname="DESKTOP-A1A23U3" failures="0" tests="2" name="com.mystore.TestCase.IndexpageTest" time="64.406" errors="0" timestamp="2022-09-20T19:10:08 IST" skipped="0">
  <testcase classname="com.mystore.TestCase.IndexpageTest" name="verifyTitle" time="47.375"/>
  <system-out/>
  <testcase classname="com.mystore.TestCase.IndexpageTest" name="verifyLogo" time="17.031"/>
  <system-out/>
</testsuite> <!-- com.mystore.TestCase.IndexpageTest -->
